Flutter crash report.
Please report a bug at https://github.com/flutter/flutter/issues.

## command

flutter run --machine --start-paused -d chrome --devtools-server-address http://127.0.0.1:9100/ --target /Users/apple/Documents/Projects/flutter projects/dock/lib/main.dart

## exception

StateError: Bad state: No running isolate (inspector is not set).

```
#0      ChromeProxyService.inspector (package:dwds/src/services/chrome_proxy_service.dart:78:7)
#1      _waitForResumeEventToRunMain.<anonymous closure> (package:dwds/src/dwds_vm_client.dart:308:30)
#2      _rootRunUnary (dart:async/zone.dart:1415:13)
#3      _CustomZone.runUnary (dart:async/zone.dart:1308:19)
#4      _CustomZone.runUnaryGuarded (dart:async/zone.dart:1217:7)
#5      _BufferingStreamSubscription._sendData (dart:async/stream_impl.dart:365:11)
#6      _DelayedData.perform (dart:async/stream_impl.dart:541:14)
#7      _PendingEvents.handleNext (dart:async/stream_impl.dart:646:11)
#8      _PendingEvents.schedule.<anonymous closure> (dart:async/stream_impl.dart:617:7)
#9      StackZoneSpecification._run (package:stack_trace/src/stack_zone_specification.dart:207:15)
#10     StackZoneSpecification._registerCallback.<anonymous closure> (package:stack_trace/src/stack_zone_specification.dart:114:48)
#11     _rootRun (dart:async/zone.dart:1391:47)
#12     _CustomZone.run (dart:async/zone.dart:1301:19)
#13     _CustomZone.runGuarded (dart:async/zone.dart:1209:7)
#14     _CustomZone.bindCallbackGuarded.<anonymous closure> (dart:async/zone.dart:1249:23)
#15     StackZoneSpecification._run (package:stack_trace/src/stack_zone_specification.dart:207:15)
#16     StackZoneSpecification._registerCallback.<anonymous closure> (package:stack_trace/src/stack_zone_specification.dart:114:48)
#17     _rootRun (dart:async/zone.dart:1399:13)
#18     _CustomZone.run (dart:async/zone.dart:1301:19)
#19     _CustomZone.runGuarded (dart:async/zone.dart:1209:7)
#20     _CustomZone.bindCallbackGuarded.<anonymous closure> (dart:async/zone.dart:1249:23)
#21     _microtaskLoop (dart:async/schedule_microtask.dart:40:21)
#22     _startMicrotaskLoop (dart:async/schedule_microtask.dart:49:5)
#23     _runPendingImmediateCallback (dart:isolate-patch/isolate_patch.dart:118:13)
#24     _RawReceivePort._handleMessage (dart:isolate-patch/isolate_patch.dart:185:5)
```

## flutter doctor

```
[✓] Flutter (Channel stable, 3.24.3, on macOS 15.1 24B83 darwin-x64, locale en-GB)
    • Flutter version 3.24.3 on channel stable at /Users/apple/Development/flutter
    • Upstream repository https://github.com/flutter/flutter.git
    • Framework revision 2663184aa7 (9 weeks ago), 2024-09-11 16:27:48 -0500
    • Engine revision 36335019a8
    • Dart version 3.5.3
    • DevTools version 2.37.3

[✓] Android toolchain - develop for Android devices (Android SDK version 34.0.0)
    • Android SDK at /Users/apple/Library/Android/sdk
    • Platform android-34, build-tools 34.0.0
    • Java binary at: /Applications/Android Studio.app/Contents/jbr/Contents/Home/bin/java
    • Java version OpenJDK Runtime Environment (build 17.0.10+0-17.0.10b1087.21-11609105)
    • All Android licenses accepted.

[!] Xcode - develop for iOS and macOS (Xcode 16.1)
    • Xcode at /Applications/Xcode.app/Contents/Developer
    • Build 16B40
    ! iOS 18.1 Simulator not installed; this may be necessary for iOS and macOS development.
      To download and install the platform, open Xcode, select Xcode > Settings > Platforms,
      and click the GET button for the required platform.

      For more information, please visit:
        https://developer.apple.com/documentation/xcode/installing-additional-simulator-runtimes
    • CocoaPods version 1.15.2

[✓] Chrome - develop for the web
    • Chrome at /Applications/Google Chrome.app/Contents/MacOS/Google Chrome

[✓] Android Studio (version 2024.1)
    • Android Studio at /Applications/Android Studio.app/Contents
    • Flutter plugin can be installed from:
      🔨 https://plugins.jetbrains.com/plugin/9212-flutter
    • Dart plugin can be installed from:
      🔨 https://plugins.jetbrains.com/plugin/6351-dart
    • Java version OpenJDK Runtime Environment (build 17.0.10+0-17.0.10b1087.21-11609105)

[✓] VS Code (version 1.90.2)
    • VS Code at /Users/apple/Downloads/Visual Studio Code.app/Contents
    • Flutter extension version 3.101.20241031

[✓] Connected device (2 available)
    • macOS (desktop) • macos  • darwin-x64     • macOS 15.1 24B83 darwin-x64
    • Chrome (web)    • chrome • web-javascript • Google Chrome 130.0.6723.117

[✓] Network resources
    • All expected network resources are available.

! Doctor found issues in 1 category.
```
